0
Flipped 00
NOW PRINTING MID
THHH
NOW PRINTING RESULT
HHHH
Wrote to result.
NOW PRINTING MID
THHH
NOW PRINTING RESULT
THHH
HHHH THHH 
0
Flipped 00
1
Flipped 01
2
Flipped 02
3
Flipped 03
NOW PRINTING MID
TTTT
NOW PRINTING RESULT
HHHH
Wrote to result.
NOW PRINTING MID
TTTT
NOW PRINTING RESULT
TTTT
HHHH TTTT 
0
Flipped 00
1
Flipped 01
2
Flipped 02
3
Flipped 03
NOW PRINTING MID
TTTT
HHHH
NOW PRINTING RESULT
HHHH
HHHH
Wrote to result.
Copied row 0to row1in MID
NOW PRINTING MID
TTTT
TTTT
NOW PRINTING RESULT
TTTT
HHHH
0
Flipped 10
1
Flipped 11
2
Flipped 12
3
Flipped 13
NOW PRINTING MID
HHHH
HHHH
NOW PRINTING RESULT
HHHH
HHHH
Wrote to result.
NOW PRINTING MID
HHHH
HHHH
NOW PRINTING RESULT
HHHH
HHHH
HHHH HHHH HHHH 
0
Flipped 00
1
Flipped 01
2
Flipped 02
3
Flipped 03
4
Flipped 04
NOW PRINTING MID
HHHHH
TTTTT
TTTTT
NOW PRINTING RESULT
TTTTT
TTTTT
TTTTT
Wrote to result.
Copied row 0to row1in MID
NOW PRINTING MID
HHHHH
HHHHH
TTTTT
NOW PRINTING RESULT
HHHHH
TTTTT
TTTTT
1
Flipped 11
2
Flipped 12
3
Flipped 13
NOW PRINTING MID
HTTTH
HTTTH
TTTTT
NOW PRINTING RESULT
HTTTH
TTTTT
TTTTT
Wrote to result.
Copied row 1to row2in MID
NOW PRINTING MID
HTTTH
HTTTH
HTTTH
NOW PRINTING RESULT
HTTTH
HTTTH
TTTTT
2
Flipped 22
NOW PRINTING MID
HTHTH
HTHTH
HTHTH
NOW PRINTING RESULT
HTHTH
HTHTH
TTTTT
Wrote to result.
NOW PRINTING MID
HTHTH
HTHTH
HTHTH
NOW PRINTING RESULT
HTHTH
HTHTH
HTHTH
TTTTT HTHTH HTHTH HTHTH 
