0
Flipped 00
NOW PRINTING MID
THHH
HHHH
HHHH
NOW PRINTING RESULT
HHHH
HHHH
HHHH
Wrote to result.
Copied row 0to row1in MID
NOW PRINTING MID
THHH
THHH
HHHH
NOW PRINTING RESULT
THHH
HHHH
HHHH
1
Flipped 11
NOW PRINTING MID
TTHH
TTHH
HHHH
NOW PRINTING RESULT
TTHH
HHHH
HHHH
Wrote to result.
Copied row 1to row2in MID
NOW PRINTING MID
TTHH
TTHH
TTHH
NOW PRINTING RESULT
TTHH
TTHH
HHHH
2
Flipped 22
NOW PRINTING MID
TTTH
TTTH
TTTH
NOW PRINTING RESULT
TTTH
TTTH
HHHH
Wrote to result.
NOW PRINTING MID
TTTH
TTTH
TTTH
NOW PRINTING RESULT
TTTH
TTTH
TTTH
HHHH TTTH TTTH TTTH 
